#
# There is insufficient memory for the Java Runtime Environment to continue.
# Native memory allocation (malloc) failed to allocate 1048576 bytes for AllocateHeap
# Possible reasons:
#   The system is out of physical RAM or swap space
#   In 32 bit mode, the process size limit was hit
# Possible solutions:
#   Reduce memory load on the system
#   Increase physical memory or swap space
#   Check if swap backing store is full
#   Use 64 bit Java on a 64 bit OS
#   Decrease Java heap size (-Xmx/-Xms)
#   Decrease number of Java threads
#   Decrease Java thread stack sizes (-Xss)
#   Set larger code cache with -XX:ReservedCodeCacheSize=
# This output file may be truncated or incomplete.
#
#  Out of Memory Error (memory/allocation.inline.hpp:61), pid=5984, tid=0x0000000000000acc
#
# JRE version:  (8.0_101-b13) (build )
# Java VM: Java HotSpot(TM) 64-Bit Server VM (25.101-b13 mixed mode windows-amd64 compressed oops)
# Failed to write core dump. Minidumps are not enabled by default on client versions of Windows
#

---------------  T H R E A D  ---------------

Current thread (0x000000000273d800):  JavaThread "Unknown thread" [_thread_in_vm, id=2764, stack(0x0000000000cf0000,0x0000000000df0000)]

Stack: [0x0000000000cf0000,0x0000000000df0000]
[error occurred during error reporting (printing stack bounds), id 0xc0000005]

Native frames: (J=compiled Java code, j=interpreted, Vv=VM code, C=native code)


---------------  P R O C E S S  ---------------

Java Threads: ( => current thread )

Other Threads:

=>0x000000000273d800 (exited) JavaThread "Unknown thread" [_thread_in_vm, id=2764, stack(0x0000000000cf0000,0x0000000000df0000)]

VM state:not at safepoint (normal execution)

VM Mutex/Monitor currently owned by a thread: None

Heap:
 PSYoungGen      total 18944K, used 327K [0x00000000eab00000, 0x00000000ec000000, 0x0000000100000000)
  eden space 16384K, 2% used [0x00000000eab00000,0x00000000eab51ec8,0x00000000ebb00000)
  from space 2560K, 0% used [0x00000000ebd80000,0x00000000ebd80000,0x00000000ec000000)
  to   space 2560K, 0% used [0x00000000ebb00000,0x00000000ebb00000,0x00000000ebd80000)
 ParOldGen       total 44032K, used 0K [0x00000000c0000000, 0x00000000c2b00000, 0x00000000eab00000)
  object space 44032K, 0% used [0x00000000c0000000,0x00000000c0000000,0x00000000c2b00000)
 Metaspace       used 769K, capacity 4480K, committed 4480K, reserved 1056768K
  class space    used 75K, capacity 384K, committed 384K, reserved 1048576K

Card table byte_map: [0x0000000011b00000,0x0000000011d10000] byte_map_base: 0x0000000011500000

Marking Bits: (ParMarkBitMap*) 0x00000000667ea6d0
 Begin Bits: [0x0000000012270000, 0x0000000013270000)
 End Bits:   [0x0000000013270000, 0x0000000014270000)

Polling page: 0x0000000000df0000

CodeCache: size=245760Kb used=328Kb max_used=328Kb free=245431Kb
 bounds [0x0000000002740000, 0x00000000029b0000, 0x0000000011740000]
 total_blobs=58 nmethods=0 adapters=38
 compilation: enabled

Compilation events (0 events):
No events

GC Heap History (0 events):
No events

Deoptimization events (0 events):
No events

Internal exceptions (0 events):
No events

Events (10 events):
Event: 1.395 loading class java/lang/Short
Event: 1.402 loading class java/lang/Short done
Event: 1.402 loading class java/lang/Integer
Event: 1.403 loading class java/lang/Integer done
Event: 1.403 loading class java/lang/Long
Event: 1.404 loading class java/lang/Long done
Event: 1.471 loading class java/lang/NullPointerException
Event: 1.471 loading class java/lang/NullPointerException done
Event: 1.471 loading class java/lang/ArithmeticException
Event: 1.471 loading class java/lang/ArithmeticException done


Dynamic libraries:
0x00007ff6b83b0000 - 0x00007ff6b83e7000 	C:\Program Files\Java\jdk1.8.0_101\bin\java.exe
0x00007ffd21e80000 - 0x00007ffd2202d000 	C:\WINDOWS\SYSTEM32\ntdll.dll
0x00007ffd214b0000 - 0x00007ffd215ee000 	C:\WINDOWS\system32\KERNEL32.DLL
0x00007ffd1f070000 - 0x00007ffd1f185000 	C:\WINDOWS\system32\KERNELBASE.dll
0x00007ffd1db50000 - 0x00007ffd1dbde000 	C:\WINDOWS\system32\apphelp.dll
0x00007ffd0f4a0000 - 0x00007ffd0f4f3000 	C:\WINDOWS\AppPatch\AppPatch64\AcGenral.DLL
0x00007ffd21780000 - 0x00007ffd2182a000 	C:\WINDOWS\system32\msvcrt.dll
0x00007ffd1f4d0000 - 0x00007ffd1f4fe000 	C:\WINDOWS\system32\SspiCli.dll
0x00007ffd21040000 - 0x00007ffd21094000 	C:\WINDOWS\system32\SHLWAPI.dll
0x00007ffd1f500000 - 0x00007ffd1f677000 	C:\WINDOWS\system32\USER32.dll
0x00007ffd210a0000 - 0x00007ffd21234000 	C:\WINDOWS\system32\ole32.dll
0x00007ffd1f680000 - 0x00007ffd20ba8000 	C:\WINDOWS\system32\SHELL32.dll
0x00007ffd1e570000 - 0x00007ffd1e591000 	C:\WINDOWS\SYSTEM32\USERENV.dll
0x00007ffd21c10000 - 0x00007ffd21cba000 	C:\WINDOWS\system32\ADVAPI32.dll
0x00007ffd10d90000 - 0x00007ffd10dae000 	C:\WINDOWS\SYSTEM32\MPR.dll
0x00007ffd20c70000 - 0x00007ffd20db0000 	C:\WINDOWS\system32\RPCRT4.dll
0x00007ffd20db0000 - 0x00007ffd20e09000 	C:\WINDOWS\SYSTEM32\sechost.dll
0x00007ffd20e10000 - 0x00007ffd21021000 	C:\WINDOWS\SYSTEM32\combase.dll
0x00007ffd21630000 - 0x00007ffd2177f000 	C:\WINDOWS\system32\GDI32.dll
0x00007ffd1efa0000 - 0x00007ffd1efb5000 	C:\WINDOWS\SYSTEM32\profapi.dll
0x00007ffd1d520000 - 0x00007ffd1d5d2000 	C:\WINDOWS\SYSTEM32\SHCORE.dll
0x00007ffd215f0000 - 0x00007ffd21626000 	C:\WINDOWS\system32\IMM32.DLL
0x00007ffd21960000 - 0x00007ffd21ab2000 	C:\WINDOWS\system32\MSCTF.dll
0x00007ffd1d0a0000 - 0x00007ffd1d31b000 	C:\WINDOWS\WinSxS\amd64_microsoft.windows.common-controls_6595b64144ccf1df_6.0.9600.18006_none_623f33d3ecbe86e8\COMCTL32.dll
0x0000000065b40000 - 0x0000000065c12000 	C:\Program Files\Java\jdk1.8.0_101\jre\bin\msvcr100.dll
0x0000000065fd0000 - 0x000000006686a000 	C:\Program Files\Java\jdk1.8.0_101\jre\bin\server\jvm.dll
0x00007ffd1cd50000 - 0x00007ffd1cd59000 	C:\WINDOWS\SYSTEM32\WSOCK32.dll
0x00007ffd19910000 - 0x00007ffd19932000 	C:\WINDOWS\SYSTEM32\WINMM.dll
0x00007ffd19940000 - 0x00007ffd1994a000 	C:\WINDOWS\SYSTEM32\VERSION.dll
0x00007ffd21950000 - 0x00007ffd21957000 	C:\WINDOWS\system32\PSAPI.DLL
0x00007ffd21830000 - 0x00007ffd2188a000 	C:\WINDOWS\system32\WS2_32.dll
0x00007ffd198e0000 - 0x00007ffd1990a000 	C:\WINDOWS\SYSTEM32\WINMMBASE.dll
0x00007ffd214a0000 - 0x00007ffd214a9000 	C:\WINDOWS\system32\NSI.dll
0x00007ffd1f190000 - 0x00007ffd1f1df000 	C:\WINDOWS\SYSTEM32\cfgmgr32.dll
0x00007ffd1dde0000 - 0x00007ffd1de08000 	C:\WINDOWS\SYSTEM32\DEVOBJ.dll
0x0000000065fc0000 - 0x0000000065fcf000 	C:\Program Files\Java\jdk1.8.0_101\jre\bin\verify.dll
0x0000000065f90000 - 0x0000000065fb9000 	C:\Program Files\Java\jdk1.8.0_101\jre\bin\java.dll
0x0000000065f70000 - 0x0000000065f86000 	C:\Program Files\Java\jdk1.8.0_101\jre\bin\zip.dll

VM Arguments:
jvm_args: -Djava.awt.headless=true -Xmx1024M -Dfile.encoding=windows-1252 -Duser.country=US -Duser.language=en -Duser.variant 
java_command: com.android.dx.command.Main --dex --force-jumbo --num-threads=4 --output C:\Users\Krisna Putra F\AndroidStudioProjects\RecyclerView1\app\build\intermediates\pre-dexed\debug\com.android.support-support-compat-24.2.1_761b45ebe75cd1fb70adb3e2c7a2f25bbc42ac18.jar C:\Users\Krisna Putra F\AndroidStudioProjects\RecyclerView1\app\build\intermediates\exploded-aar\com.android.support\support-compat\24.2.1\jars\classes.jar
java_class_path (initial): C:\Users\Krisna Putra F\AppData\Local\Android\Sdk\build-tools\24.0.1\lib\dx.jar
Launcher Type: SUN_STANDARD

Environment Variables:
PATH=C:\Program Files (x86)\Common Files\Intel\Shared Files\cpp\bin\Intel64;C:\ProgramData\Oracle\Java\javapath;C:\Program Files (x86)\NVIDIA Corporation\PhysX\Common;C:\Program Files (x86)\Intel\iCLS Client\;C:\Program Files\Intel\iCLS Client\;C:\WINDOWS\system32;C:\WINDOWS;C:\WINDOWS\System32\Wbem;C:\WINDOWS\System32\WindowsPowerShell\v1.0\;C:\Program Files\Intel\Intel(R) Management Engine Components\DAL;C:\Program Files\Intel\Intel(R) Management Engine Components\IPT;C:\Program Files (x86)\Intel\Intel(R) Management Engine Components\DAL;C:\Program Files (x86)\Intel\Intel(R) Management Engine Components\IPT;C:\Program Files (x86)\Windows Kits\8.1\Windows Performance Toolkit\;C:\Program Files\Microsoft SQL Server\110\Tools\Binn\;C:\Program Files (x86)\Microsoft SDKs\TypeScript\1.0\;C:\Program Files (x86)\Brackets\command;C:\Program Files\Java\jdk1.8.0_101\bin;C:\Program Files (x86)\Skype\Phone\;C:\Program Files\Git\cmd;C:\Program Files (x86)\Windows Live\Shared
USERNAME=Krisna Putra F
OS=Windows_NT
PROCESSOR_IDENTIFIER=Intel64 Family 6 Model 69 Stepping 1, GenuineIntel



---------------  S Y S T E M  ---------------

OS: Windows 8.1 , 64 bit Build 9600 (6.3.9600.17415)

CPU:total 4 (2 cores per cpu, 2 threads per core) family 6 model 69 stepping 1, cmov, cx8, fxsr, mmx, sse, sse2, sse3, ssse3, sse4.1, sse4.2, popcnt, avx, avx2, aes, clmul, erms, lzcnt, ht, tsc, tscinvbit, bmi1, bmi2

Memory: 4k page, physical 4074548k(76476k free), swap 6793972k(3148k free)

vm_info: Java HotSpot(TM) 64-Bit Server VM (25.101-b13) for windows-amd64 JRE (1.8.0_101-b13), built on Jun 22 2016 01:21:29 by "java_re" with MS VC++ 10.0 (VS2010)

time: Tue Nov 08 14:10:25 2016
elapsed time: 3 seconds (0d 0h 0m 3s)

